{"message":"Error finding user at validation.js: null","level":"error"}
{"message":"Error finding user at validation.js: null","level":"error"}
{"message":"Error finding user at validation.js: null","level":"error"}
{"message":"Error finding user at validation.js: null","level":"error"}
{"message":"Error finding user at validation.js: null","level":"error"}
{"message":"Error finding user at validation.js: null","level":"error"}
{"message":"Error finding user at validation.js: null","level":"error"}
{"message":"Error finding user at validation.js: null","level":"error"}
{"message":"Error finding user at validation.js: null","level":"error"}
{"message":"Error finding user at validation.js: null","level":"error"}
{"message":"Error finding user at validation.js: null","level":"error"}
{"message":"Error finding user at validation.js: null","level":"error"}
{"message":"Error finding user at validation.js: null","level":"error"}
{"message":"Error finding user at validation.js: null","level":"error"}
{"message":"Error finding user at validation.js: null","level":"error"}
{"message":"Error finding user at validation.js: null","level":"error"}
{"message":"Error finding user at validation.js: null","level":"error"}
{"message":"Error finding user at validation.js: null","level":"error"}
{"message":"Error to send email: Error: Invalid login: 535-5.7.8 Username and Password not accepted. Learn more at\n535 5.7.8  https://support.google.com/mail/?p=BadCredentials 28sm10719837pgq.39 - gsmtp","level":"error"}
{"message":"Error to send email: Error: Invalid login: 535-5.7.8 Username and Password not accepted. Learn more at\n535 5.7.8  https://support.google.com/mail/?p=BadCredentials f12sm9661654pfc.100 - gsmtp","level":"error"}
{"message":"Error to send email: Error: Invalid login: 535-5.7.8 Username and Password not accepted. Learn more at\n535 5.7.8  https://support.google.com/mail/?p=BadCredentials 95sm7887836pjo.35 - gsmtp","level":"error"}
{"message":"Error to send email: Error: Invalid login: 535-5.7.8 Username and Password not accepted. Learn more at\n535 5.7.8  https://support.google.com/mail/?p=BadCredentials 3sm9907162pfv.31 - gsmtp","level":"error"}
{"message":"Error to send email: Error: Invalid login: 535-5.7.8 Username and Password not accepted. Learn more at\n535 5.7.8  https://support.google.com/mail/?p=BadCredentials q17sm2226598pfh.30 - gsmtp","level":"error"}
{"message":"Error to send email: Error: Invalid login: 535-5.7.8 Username and Password not accepted. Learn more at\n535 5.7.8  https://support.google.com/mail/?p=BadCredentials c10sm9831584pfo.129 - gsmtp","level":"error"}
{"message":"Error to send email: Error: Invalid login: 535-5.7.8 Username and Password not accepted. Learn more at\n535 5.7.8  https://support.google.com/mail/?p=BadCredentials f69sm10151772pfa.24 - gsmtp","level":"error"}
